<?xml version="1.0" encoding="UTF-8"?>
<!-- Generated by org.testng.reporters.JUnitXMLReporter -->
<testsuite ignored="0" hostname="3awsi" failures="0" tests="3" name="Test" time="66.273" errors="0" timestamp="2024-02-06T20:11:03 EST">
  <testcase classname="Parameterization.DataProvider_CreateLead" name="CreateLead" time="4.35"/>
  <testcase classname="Parameterization.DataProvider_CreateLead" name="CreateLead" time="4.443"/>
  <testcase classname="Parameterization.DataProvider_CreateLead" name="CreateLead" time="5.813"/>
</testsuite> <!-- Test -->
