<?xml version="1.0" encoding="UTF-8"?>
<testng-results ignored="0" total="1" passed="1" failed="0" skipped="0">
  <reporter-output>
  </reporter-output>
  <suite started-at="2024-03-23T14:33:20 EDT" name="Default suite" finished-at="2024-03-23T14:33:42 EDT" duration-ms="22500">
    <groups>
    </groups>
    <test started-at="2024-03-23T14:33:20 EDT" name="Default test" finished-at="2024-03-23T14:33:42 EDT" duration-ms="22500">
      <class name="com.testLeaf.testcase.TestcaseExecution">
        <test-method signature="Execution()[pri:0, instance:com.testLeaf.testcase.TestcaseExecution@dbf57b3]" started-at="2024-03-23T14:33:20 EDT" name="Execution" finished-at="2024-03-23T14:33:42 EDT" duration-ms="22460" status="PASS">
          <reporter-output>
          </reporter-output>
        </test-method> <!-- Execution -->
      </class> <!-- com.testLeaf.testcase.TestcaseExecution -->
    </test> <!-- Default test -->
  </suite> <!-- Default suite -->
</testng-results>
